TN:
SF:./src/angular-cache.js
FN:11,(anonymous_1)
FN:31,$AngularCacheFactoryProvider
FN:34,(anonymous_3)
FN:73,AngularCache
FN:95,(anonymous_5)
FN:117,_validateCapacity
FN:134,_validateCacheFlushInterval
FN:151,_validateMaxAge
FN:167,_refresh
FN:190,_link
FN:227,(anonymous_11)
FN:257,(anonymous_12)
FN:282,(anonymous_13)
FN:307,(anonymous_14)
FN:341,(anonymous_15)
FN:360,(anonymous_16)
FN:377,(anonymous_17)
FN:388,angularCacheFactory
FN:414,(anonymous_19)
FN:416,(anonymous_20)
FN:437,(anonymous_21)
FN:462,(anonymous_22)
FN:492,(anonymous_23)
FNDA:1,(anonymous_1)
FNDA:32,$AngularCacheFactoryProvider
FNDA:32,(anonymous_3)
FNDA:39,AngularCache
FNDA:1,(anonymous_5)
FNDA:39,_validateCapacity
FNDA:39,_validateCacheFlushInterval
FNDA:44,_validateMaxAge
FNDA:44,_refresh
FNDA:76,_link
FNDA:33,(anonymous_11)
FNDA:3,(anonymous_12)
FNDA:30,(anonymous_13)
FNDA:12,(anonymous_14)
FNDA:1,(anonymous_15)
FNDA:32,(anonymous_16)
FNDA:35,(anonymous_17)
FNDA:43,angularCacheFactory
FNDA:1,(anonymous_19)
FNDA:3,(anonymous_20)
FNDA:13,(anonymous_21)
FNDA:2,(anonymous_22)
FNDA:2,(anonymous_23)
DA:11,1
DA:12,1
DA:24,1
DA:31,1
DA:34,32
DA:35,32
DA:73,32
DA:74,39
DA:83,39
DA:84,39
DA:85,39
DA:86,39
DA:89,33
DA:90,29
DA:94,33
DA:95,4
DA:96,1
DA:97,2
DA:98,0
DA:101,1
DA:102,1
DA:103,1
DA:104,1
DA:105,1
DA:117,33
DA:118,39
DA:119,39
DA:120,6
DA:121,6
DA:123,39
DA:134,33
DA:135,39
DA:136,39
DA:137,6
DA:138,6
DA:140,39
DA:151,33
DA:152,44
DA:153,44
DA:154,12
DA:155,12
DA:157,44
DA:167,33
DA:168,44
DA:169,33
DA:170,14
DA:171,19
DA:172,7
DA:175,33
DA:176,33
DA:177,33
DA:178,33
DA:190,33
DA:191,76
DA:192,45
DA:193,45
DA:195,45
DA:196,19
DA:227,33
DA:228,33
DA:232,33
DA:233,3
DA:235,30
DA:236,5
DA:237,5
DA:240,28
DA:242,28
DA:243,1
DA:245,27
DA:246,26
DA:248,27
DA:252,27
DA:253,4
DA:254,4
DA:255,0
DA:257,4
DA:258,3
DA:262,27
DA:263,2
DA:266,27
DA:282,33
DA:283,30
DA:285,30
DA:286,14
DA:289,16
DA:291,16
DA:307,33
DA:308,12
DA:310,12
DA:311,2
DA:314,10
DA:315,5
DA:317,10
DA:318,10
DA:320,10
DA:322,10
DA:323,10
DA:324,10
DA:341,33
DA:342,1
DA:343,1
DA:344,1
DA:345,1
DA:360,33
DA:361,32
DA:362,32
DA:363,32
DA:364,32
DA:365,32
DA:377,33
DA:378,35
DA:388,32
DA:389,43
DA:390,1
DA:391,42
DA:392,3
DA:395,39
DA:396,33
DA:414,32
DA:415,1
DA:416,1
DA:417,3
DA:419,1
DA:437,32
DA:438,13
DA:462,32
DA:463,2
DA:464,2
DA:465,3
DA:466,3
DA:469,2
DA:492,32
DA:493,2
DA:494,2
DA:495,3
DA:496,3
DA:499,2
DA:502,32
DA:507,1
BRDA:86,1,0,6
BRDA:86,1,1,33
BRDA:89,2,0,29
BRDA:89,2,1,4
BRDA:94,3,0,4
BRDA:94,3,1,29
BRDA:97,4,0,0
BRDA:97,4,1,2
BRDA:119,5,0,6
BRDA:119,5,1,33
BRDA:120,6,0,1
BRDA:120,6,1,5
BRDA:121,7,0,1
BRDA:121,7,1,5
BRDA:136,8,0,6
BRDA:136,8,1,33
BRDA:137,9,0,1
BRDA:137,9,1,5
BRDA:138,10,0,1
BRDA:138,10,1,5
BRDA:153,11,0,12
BRDA:153,11,1,32
BRDA:154,12,0,2
BRDA:154,12,1,10
BRDA:155,13,0,2
BRDA:155,13,1,10
BRDA:168,14,0,33
BRDA:168,14,1,11
BRDA:169,15,0,14
BRDA:169,15,1,19
BRDA:171,16,0,7
BRDA:171,16,1,12
BRDA:191,17,0,45
BRDA:191,17,1,31
BRDA:192,18,0,45
BRDA:192,18,1,0
BRDA:195,19,0,19
BRDA:195,19,1,26
BRDA:228,20,0,33
BRDA:228,20,1,29
BRDA:232,21,0,3
BRDA:232,21,1,30
BRDA:235,22,0,5
BRDA:235,22,1,25
BRDA:235,23,0,30
BRDA:235,23,1,5
BRDA:237,24,0,2
BRDA:237,24,1,3
BRDA:242,25,0,1
BRDA:242,25,1,27
BRDA:245,26,0,26
BRDA:245,26,1,1
BRDA:252,27,0,4
BRDA:252,27,1,23
BRDA:252,28,0,27
BRDA:252,28,1,25
BRDA:252,28,2,2
BRDA:254,29,0,0
BRDA:254,29,1,4
BRDA:259,30,0,4
BRDA:259,30,1,3
BRDA:259,30,2,1
BRDA:262,31,0,2
BRDA:262,31,1,25
BRDA:285,32,0,14
BRDA:285,32,1,16
BRDA:310,33,0,2
BRDA:310,33,1,10
BRDA:314,34,0,5
BRDA:314,34,1,5
BRDA:317,35,0,10
BRDA:317,35,1,0
BRDA:389,36,0,1
BRDA:389,36,1,42
BRDA:391,37,0,3
BRDA:391,37,1,39
BRDA:465,38,0,3
BRDA:465,38,1,0
BRDA:495,39,0,3
BRDA:495,39,1,0
end_of_record
